<?xml version="1.0" encoding="UTF-8"?>
<!-- Generated by org.testng.reporters.JUnitReportReporter -->
<testsuite skipped="0" hostname="ADMIN-PC" name="com.pos.testautomation.TestRunner.testRunner" tests="1" failures="0" timestamp="2020-03-14T15:09:10 IST" time="68.602" errors="0">
  <testcase name="feature" time="68.602" classname="com.pos.testautomation.TestRunner.testRunner"/>
</testsuite> <!-- com.pos.testautomation.TestRunner.testRunner -->
