<?xml version="1.0" encoding="UTF-8"?>
<!-- Generated by org.testng.reporters.JUnitReportReporter -->
<testsuite skipped="0" hostname="ADMIN-PC" name="com.pos.testautomation.TestRunner.testRunner2" tests="1" failures="0" timestamp="2020-03-13T15:12:10 IST" time="43.534" errors="0">
  <testcase name="feature" time="43.534" classname="com.pos.testautomation.TestRunner.testRunner2"/>
</testsuite> <!-- com.pos.testautomation.TestRunner.testRunner2 -->
